<?xml version="1.0" encoding="UTF-8"?>
<!-- Generated by org.testng.reporters.JUnitReportReporter -->
<testsuite hostname="DESKTOP-MFEMF1B" name="com.qa.Flipkart.ActivitiesTest.AutoSuggestValueTest" tests="1" failures="0" timestamp="9 May 2020 12:05:47 GMT" time="9.462" errors="0">
  <testcase name="verifyAutoSuggestValueTest" time="9.462" classname="com.qa.Flipkart.ActivitiesTest.AutoSuggestValueTest"/>
</testsuite> <!-- com.qa.Flipkart.ActivitiesTest.AutoSuggestValueTest -->
